<!DOCTYPE html>
<html>
<head>
<meta http-equiv="Content-Type" content="text/html; charset=utf-8"/>
<meta http-equiv="x-ua-compatible" content="IE=edge"/>
<title>Test results - Class Search pokemon Pikachu on Bulbapedia</title>
<link href="../css/base-style.css" rel="stylesheet" type="text/css"/>
<link href="../css/style.css" rel="stylesheet" type="text/css"/>
<script src="../js/report.js" type="text/javascript"></script>
</head>
<body>
<div id="content">
<h1>Class Search pokemon Pikachu on Bulbapedia</h1>
<div class="breadcrumbs">
<a href="../index.html">all</a> &gt; 
<a href="../packages/default-package.html">default-package</a> &gt; Search pokemon Pikachu on Bulbapedia</div>
<div id="summary">
<table>
<tr>
<td>
<div class="summaryGroup">
<table>
<tr>
<td>
<div class="infoBox" id="tests">
<div class="counter">15</div>
<p>tests</p>
</div>
</td>
<td>
<div class="infoBox" id="failures">
<div class="counter">6</div>
<p>failures</p>
</div>
</td>
<td>
<div class="infoBox" id="ignored">
<div class="counter">4</div>
<p>ignored</p>
</div>
</td>
<td>
<div class="infoBox" id="duration">
<div class="counter">4m41.90s</div>
<p>duration</p>
</div>
</td>
</tr>
</table>
</div>
</td>
<td>
<div class="infoBox failures" id="successRate">
<div class="percent">45%</div>
<p>successful</p>
</div>
</td>
</tr>
</table>
</div>
<div id="tabs">
<ul class="tabLinks">
<li>
<a href="#tab0">Failed tests</a>
</li>
<li>
<a href="#tab1">Tests</a>
</li>
<li>
<a href="#tab2">Standard error</a>
</li>
</ul>
<div id="tab0" class="tab">
<h2>Failed tests</h2>
<div class="test">
<a name="User input pokemon &quot;Pikachu&quot; on the search field"></a>
<h3 class="failures">User input pokemon &quot;Pikachu&quot; on the search field</h3>
<span class="code">
<pre>org.openqa.selenium.ElementNotInteractableException: element not interactable
  (Session info: chrome=81.0.4044.129)
Build info: version: '3.141.59', revision: 'e82be7d358', time: '2018-11-14T08:17:03'
System info: host: 'Zakis-MacBook-Pro.local', ip: 'fe80:0:0:0:149a:c6f8:f842:c174%en0', os.name: 'Mac OS X', os.arch: 'x86_64', os.version: '10.15.4', java.version: '1.8.0_251'
Driver info: org.openqa.selenium.chrome.ChromeDriver
Capabilities {acceptInsecureCerts: false, browserName: chrome, browserVersion: 81.0.4044.129, chrome: {chromedriverVersion: 81.0.4044.69 (6813546031a4b..., userDataDir: /var/folders/qq/ndm4q76j4p3...}, goog:chromeOptions: {debuggerAddress: localhost:58298}, javascriptEnabled: true, networkConnectionEnabled: false, pageLoadStrategy: normal, platform: MAC, platformName: MAC, proxy: Proxy(), setWindowRect: true, strictFileInteractability: false, timeouts: {implicit: 0, pageLoad: 300000, script: 30000}, unhandledPromptBehavior: dismiss and notify, webauthn:virtualAuthenticators: true}
Session ID: 2e068a96c9b443bd124e80b5a643221b
	at sun.reflect.NativeConstructorAccessorImpl.newInstance0(Native Method)
	at sun.reflect.NativeConstructorAccessorImpl.newInstance(NativeConstructorAccessorImpl.java:62)
	at sun.reflect.DelegatingConstructorAccessorImpl.newInstance(DelegatingConstructorAccessorImpl.java:45)
	at java.lang.reflect.Constructor.newInstance(Constructor.java:423)
	at org.openqa.selenium.remote.http.W3CHttpResponseCodec.createException(W3CHttpResponseCodec.java:187)
	at org.openqa.selenium.remote.http.W3CHttpResponseCodec.decode(W3CHttpResponseCodec.java:122)
	at org.openqa.selenium.remote.http.W3CHttpResponseCodec.decode(W3CHttpResponseCodec.java:49)
	at org.openqa.selenium.remote.HttpCommandExecutor.execute(HttpCommandExecutor.java:158)
	at org.openqa.selenium.remote.service.DriverCommandExecutor.execute(DriverCommandExecutor.java:83)
	at org.openqa.selenium.remote.RemoteWebDriver.execute(RemoteWebDriver.java:552)
	at org.openqa.selenium.remote.RemoteWebElement.execute(RemoteWebElement.java:285)
	at org.openqa.selenium.remote.RemoteWebElement.sendKeys(RemoteWebElement.java:106)
	at demo.pages.HomePage.inputAndSearchPokemon(HomePage.java:21)
	at demo.steps.BulbapediaStepDefinition.userInputPokemonOnTheSearchField(BulbapediaStepDefinition.java:23)
	at ✽.User input pokemon &quot;Pikachu&quot; on the search field(file:///Users/zakiakhmadf/Desktop/Web_ZakiAkhmadFaridzan/src/test/resources/features/SearchPokemon.feature:6)
</pre>
</span>
</div>
<div class="test">
<a name="User see pokemon named &quot;Charizard&quot; on bulbapedia article page"></a>
<h3 class="failures">User see pokemon named &quot;Charizard&quot; on bulbapedia article page</h3>
<span class="code">
<pre>org.openqa.selenium.TimeoutException: Expected condition failed: waiting for presence of element located by: By.id: //td[@class='roundy']//table//tbody//tr//td//big//b (tried for 30 second(s) with 500 milliseconds interval)
	at org.openqa.selenium.support.ui.WebDriverWait.timeoutException(WebDriverWait.java:95)
	at org.openqa.selenium.support.ui.FluentWait.until(FluentWait.java:272)
	at demo.pages.ArticlePage.getPokemonName(ArticlePage.java:14)
	at demo.steps.BulbapediaStepDefinition.userSeePokemonNamedWithNumberOnBulbapediaArticlePage(BulbapediaStepDefinition.java:28)
	at ✽.User see pokemon named &quot;Charizard&quot; on bulbapedia article page(file:///Users/zakiakhmadf/Desktop/Web_ZakiAkhmadFaridzan/src/test/resources/features/SearchPokemon.feature:13)
Caused by: org.openqa.selenium.NoSuchElementException: no such element: Unable to locate element: {&quot;method&quot;:&quot;css selector&quot;,&quot;selector&quot;:&quot;#\/\/td\[\@class\=\'roundy\'\]\/\/table\/\/tbody\/\/tr\/\/td\/\/big\/\/b&quot;}
  (Session info: chrome=81.0.4044.129)
For documentation on this error, please visit: https://www.seleniumhq.org/exceptions/no_such_element.html
Build info: version: '3.141.59', revision: 'e82be7d358', time: '2018-11-14T08:17:03'
System info: host: 'Zakis-MacBook-Pro.local', ip: 'fe80:0:0:0:149a:c6f8:f842:c174%en0', os.name: 'Mac OS X', os.arch: 'x86_64', os.version: '10.15.4', java.version: '1.8.0_251'
Driver info: org.openqa.selenium.chrome.ChromeDriver
Capabilities {acceptInsecureCerts: false, browserName: chrome, browserVersion: 81.0.4044.129, chrome: {chromedriverVersion: 81.0.4044.69 (6813546031a4b..., userDataDir: /var/folders/qq/ndm4q76j4p3...}, goog:chromeOptions: {debuggerAddress: localhost:58511}, javascriptEnabled: true, networkConnectionEnabled: false, pageLoadStrategy: normal, platform: MAC, platformName: MAC, proxy: Proxy(), setWindowRect: true, strictFileInteractability: false, timeouts: {implicit: 0, pageLoad: 300000, script: 30000}, unhandledPromptBehavior: dismiss and notify, webauthn:virtualAuthenticators: true}
Session ID: 8f31b7f460a885d548768fe0d7bd1d1e
*** Element info: {Using=id, value=//td[@class='roundy']//table//tbody//tr//td//big//b}
	at sun.reflect.NativeConstructorAccessorImpl.newInstance0(Native Method)
	at sun.reflect.NativeConstructorAccessorImpl.newInstance(NativeConstructorAccessorImpl.java:62)
	at sun.reflect.DelegatingConstructorAccessorImpl.newInstance(DelegatingConstructorAccessorImpl.java:45)
	at java.lang.reflect.Constructor.newInstance(Constructor.java:423)
	at org.openqa.selenium.remote.http.W3CHttpResponseCodec.createException(W3CHttpResponseCodec.java:187)
	at org.openqa.selenium.remote.http.W3CHttpResponseCodec.decode(W3CHttpResponseCodec.java:122)
	at org.openqa.selenium.remote.http.W3CHttpResponseCodec.decode(W3CHttpResponseCodec.java:49)
	at org.openqa.selenium.remote.HttpCommandExecutor.execute(HttpCommandExecutor.java:158)
	at org.openqa.selenium.remote.service.DriverCommandExecutor.execute(DriverCommandExecutor.java:83)
	at org.openqa.selenium.remote.RemoteWebDriver.execute(RemoteWebDriver.java:552)
	at org.openqa.selenium.remote.RemoteWebDriver.findElement(RemoteWebDriver.java:323)
	at org.openqa.selenium.remote.RemoteWebDriver.findElementById(RemoteWebDriver.java:372)
	at org.openqa.selenium.By$ById.findElement(By.java:188)
	at org.openqa.selenium.remote.RemoteWebDriver.findElement(RemoteWebDriver.java:315)
	at org.openqa.selenium.support.ui.ExpectedConditions$6.apply(ExpectedConditions.java:182)
	at org.openqa.selenium.support.ui.ExpectedConditions$6.apply(ExpectedConditions.java:179)
	at org.openqa.selenium.support.ui.FluentWait.until(FluentWait.java:249)
	at demo.pages.ArticlePage.getPokemonName(ArticlePage.java:14)
	at demo.steps.BulbapediaStepDefinition.userSeePokemonNamedWithNumberOnBulbapediaArticlePage(BulbapediaStepDefinition.java:28)
	at sun.reflect.NativeMethodAccessorImpl.invoke0(Native Method)
	at sun.reflect.NativeMethodAccessorImpl.invoke(NativeMethodAccessorImpl.java:62)
	at sun.reflect.DelegatingMethodAccessorImpl.invoke(DelegatingMethodAccessorImpl.java:43)
	at java.lang.reflect.Method.invoke(Method.java:498)
	at io.cucumber.java.Invoker.invoke(Invoker.java:27)
	at io.cucumber.java.JavaStepDefinition.execute(JavaStepDefinition.java:27)
	at io.cucumber.core.runner.PickleStepDefinitionMatch.runStep(PickleStepDefinitionMatch.java:63)
	at io.cucumber.core.runner.TestStep.executeStep(TestStep.java:64)
	at io.cucumber.core.runner.TestStep.run(TestStep.java:49)
	at io.cucumber.core.runner.PickleStepTestStep.run(PickleStepTestStep.java:46)
	at io.cucumber.core.runner.TestCase.run(TestCase.java:51)
	at io.cucumber.core.runner.Runner.runPickle(Runner.java:67)
	at io.cucumber.junit.PickleRunners$WithStepDescriptions.run(PickleRunners.java:100)
	at io.cucumber.junit.FeatureRunner.runChild(FeatureRunner.java:83)
	at io.cucumber.junit.FeatureRunner.runChild(FeatureRunner.java:24)
	at org.junit.runners.ParentRunner$4.run(ParentRunner.java:331)
	at org.junit.runners.ParentRunner$1.schedule(ParentRunner.java:79)
	at org.junit.runners.ParentRunner.runChildren(ParentRunner.java:329)
	at org.junit.runners.ParentRunner.access$100(ParentRunner.java:66)
	at org.junit.runners.ParentRunner$2.evaluate(ParentRunner.java:293)
	at org.junit.runners.ParentRunner$3.evaluate(ParentRunner.java:306)
	at org.junit.runners.ParentRunner.run(ParentRunner.java:413)
	at io.cucumber.junit.Cucumber.runChild(Cucumber.java:185)
	at io.cucumber.junit.Cucumber.runChild(Cucumber.java:83)
	at org.junit.runners.ParentRunner$4.run(ParentRunner.java:331)
	at org.junit.runners.ParentRunner$1.schedule(ParentRunner.java:79)
	at org.junit.runners.ParentRunner.runChildren(ParentRunner.java:329)
	at org.junit.runners.ParentRunner.access$100(ParentRunner.java:66)
	at org.junit.runners.ParentRunner$2.evaluate(ParentRunner.java:293)
	at io.cucumber.junit.Cucumber$RunCucumber.evaluate(Cucumber.java:219)
	at org.junit.runners.ParentRunner$3.evaluate(ParentRunner.java:306)
	at org.junit.runners.ParentRunner.run(ParentRunner.java:413)
	at org.gradle.api.internal.tasks.testing.junit.JUnitTestClassExecutor.runTestClass(JUnitTestClassExecutor.java:110)
	at org.gradle.api.internal.tasks.testing.junit.JUnitTestClassExecutor.execute(JUnitTestClassExecutor.java:58)
	at org.gradle.api.internal.tasks.testing.junit.JUnitTestClassExecutor.execute(JUnitTestClassExecutor.java:38)
	at org.gradle.api.internal.tasks.testing.junit.AbstractJUnitTestClassProcessor.processTestClass(AbstractJUnitTestClassProcessor.java:62)
	at org.gradle.api.internal.tasks.testing.SuiteTestClassProcessor.processTestClass(SuiteTestClassProcessor.java:51)
	at sun.reflect.NativeMethodAccessorImpl.invoke0(Native Method)
	at sun.reflect.NativeMethodAccessorImpl.invoke(NativeMethodAccessorImpl.java:62)
	at sun.reflect.DelegatingMethodAccessorImpl.invoke(DelegatingMethodAccessorImpl.java:43)
	at java.lang.reflect.Method.invoke(Method.java:498)
	at org.gradle.internal.dispatch.ReflectionDispatch.dispatch(ReflectionDispatch.java:35)
	at org.gradle.internal.dispatch.ReflectionDispatch.dispatch(ReflectionDispatch.java:24)
	at org.gradle.internal.dispatch.ContextClassLoaderDispatch.dispatch(ContextClassLoaderDispatch.java:32)
	at org.gradle.internal.dispatch.ProxyDispatchAdapter$DispatchingInvocationHandler.invoke(ProxyDispatchAdapter.java:93)
	at com.sun.proxy.$Proxy2.processTestClass(Unknown Source)
	at org.gradle.api.internal.tasks.testing.worker.TestWorker.processTestClass(TestWorker.java:118)
	at sun.reflect.NativeMethodAccessorImpl.invoke0(Native Method)
	at sun.reflect.NativeMethodAccessorImpl.invoke(NativeMethodAccessorImpl.java:62)
	at sun.reflect.DelegatingMethodAccessorImpl.invoke(DelegatingMethodAccessorImpl.java:43)
	at java.lang.reflect.Method.invoke(Method.java:498)
	at org.gradle.internal.dispatch.ReflectionDispatch.dispatch(ReflectionDispatch.java:35)
	at org.gradle.internal.dispatch.ReflectionDispatch.dispatch(ReflectionDispatch.java:24)
	at org.gradle.internal.remote.internal.hub.MessageHubBackedObjectConnection$DispatchWrapper.dispatch(MessageHubBackedObjectConnection.java:175)
	at org.gradle.internal.remote.internal.hub.MessageHubBackedObjectConnection$DispatchWrapper.dispatch(MessageHubBackedObjectConnection.java:157)
	at org.gradle.internal.remote.internal.hub.MessageHub$Handler.run(MessageHub.java:404)
	at org.gradle.internal.concurrent.ExecutorPolicy$CatchAndRecordFailures.onExecute(ExecutorPolicy.java:63)
	at org.gradle.internal.concurrent.ManagedExecutorImpl$1.run(ManagedExecutorImpl.java:46)
	at java.util.concurrent.ThreadPoolExecutor.runWorker(ThreadPoolExecutor.java:1149)
	at java.util.concurrent.ThreadPoolExecutor$Worker.run(ThreadPoolExecutor.java:624)
	at org.gradle.internal.concurrent.ThreadFactoryImpl$ManagedThreadRunnable.run(ThreadFactoryImpl.java:55)
	at java.lang.Thread.run(Thread.java:748)
</pre>
</span>
</div>
<div class="test">
<a name="User see pokemon named &quot;Charmander&quot; on bulbapedia article page"></a>
<h3 class="failures">User see pokemon named &quot;Charmander&quot; on bulbapedia article page</h3>
<span class="code">
<pre>org.openqa.selenium.TimeoutException: Expected condition failed: waiting for presence of element located by: By.id: //td[@class='roundy']//table//tbody//tr//td//big//b (tried for 30 second(s) with 500 milliseconds interval)
	at org.openqa.selenium.support.ui.WebDriverWait.timeoutException(WebDriverWait.java:95)
	at org.openqa.selenium.support.ui.FluentWait.until(FluentWait.java:272)
	at demo.pages.ArticlePage.getPokemonName(ArticlePage.java:14)
	at demo.steps.BulbapediaStepDefinition.userSeePokemonNamedWithNumberOnBulbapediaArticlePage(BulbapediaStepDefinition.java:28)
	at ✽.User see pokemon named &quot;Charmander&quot; on bulbapedia article page(file:///Users/zakiakhmadf/Desktop/Web_ZakiAkhmadFaridzan/src/test/resources/features/SearchPokemon.feature:19)
Caused by: org.openqa.selenium.NoSuchElementException: no such element: Unable to locate element: {&quot;method&quot;:&quot;css selector&quot;,&quot;selector&quot;:&quot;#\/\/td\[\@class\=\'roundy\'\]\/\/table\/\/tbody\/\/tr\/\/td\/\/big\/\/b&quot;}
  (Session info: chrome=81.0.4044.129)
For documentation on this error, please visit: https://www.seleniumhq.org/exceptions/no_such_element.html
Build info: version: '3.141.59', revision: 'e82be7d358', time: '2018-11-14T08:17:03'
System info: host: 'Zakis-MacBook-Pro.local', ip: 'fe80:0:0:0:149a:c6f8:f842:c174%en0', os.name: 'Mac OS X', os.arch: 'x86_64', os.version: '10.15.4', java.version: '1.8.0_251'
Driver info: org.openqa.selenium.chrome.ChromeDriver
Capabilities {acceptInsecureCerts: false, browserName: chrome, browserVersion: 81.0.4044.129, chrome: {chromedriverVersion: 81.0.4044.69 (6813546031a4b..., userDataDir: /var/folders/qq/ndm4q76j4p3...}, goog:chromeOptions: {debuggerAddress: localhost:58929}, javascriptEnabled: true, networkConnectionEnabled: false, pageLoadStrategy: normal, platform: MAC, platformName: MAC, proxy: Proxy(), setWindowRect: true, strictFileInteractability: false, timeouts: {implicit: 0, pageLoad: 300000, script: 30000}, unhandledPromptBehavior: dismiss and notify, webauthn:virtualAuthenticators: true}
Session ID: 8566bb7962b38c1ad41da98c6895b3e7
*** Element info: {Using=id, value=//td[@class='roundy']//table//tbody//tr//td//big//b}
	at sun.reflect.NativeConstructorAccessorImpl.newInstance0(Native Method)
	at sun.reflect.NativeConstructorAccessorImpl.newInstance(NativeConstructorAccessorImpl.java:62)
	at sun.reflect.DelegatingConstructorAccessorImpl.newInstance(DelegatingConstructorAccessorImpl.java:45)
	at java.lang.reflect.Constructor.newInstance(Constructor.java:423)
	at org.openqa.selenium.remote.http.W3CHttpResponseCodec.createException(W3CHttpResponseCodec.java:187)
	at org.openqa.selenium.remote.http.W3CHttpResponseCodec.decode(W3CHttpResponseCodec.java:122)
	at org.openqa.selenium.remote.http.W3CHttpResponseCodec.decode(W3CHttpResponseCodec.java:49)
	at org.openqa.selenium.remote.HttpCommandExecutor.execute(HttpCommandExecutor.java:158)
	at org.openqa.selenium.remote.service.DriverCommandExecutor.execute(DriverCommandExecutor.java:83)
	at org.openqa.selenium.remote.RemoteWebDriver.execute(RemoteWebDriver.java:552)
	at org.openqa.selenium.remote.RemoteWebDriver.findElement(RemoteWebDriver.java:323)
	at org.openqa.selenium.remote.RemoteWebDriver.findElementById(RemoteWebDriver.java:372)
	at org.openqa.selenium.By$ById.findElement(By.java:188)
	at org.openqa.selenium.remote.RemoteWebDriver.findElement(RemoteWebDriver.java:315)
	at org.openqa.selenium.support.ui.ExpectedConditions$6.apply(ExpectedConditions.java:182)
	at org.openqa.selenium.support.ui.ExpectedConditions$6.apply(ExpectedConditions.java:179)
	at org.openqa.selenium.support.ui.FluentWait.until(FluentWait.java:249)
	at demo.pages.ArticlePage.getPokemonName(ArticlePage.java:14)
	at demo.steps.BulbapediaStepDefinition.userSeePokemonNamedWithNumberOnBulbapediaArticlePage(BulbapediaStepDefinition.java:28)
	at sun.reflect.NativeMethodAccessorImpl.invoke0(Native Method)
	at sun.reflect.NativeMethodAccessorImpl.invoke(NativeMethodAccessorImpl.java:62)
	at sun.reflect.DelegatingMethodAccessorImpl.invoke(DelegatingMethodAccessorImpl.java:43)
	at java.lang.reflect.Method.invoke(Method.java:498)
	at io.cucumber.java.Invoker.invoke(Invoker.java:27)
	at io.cucumber.java.JavaStepDefinition.execute(JavaStepDefinition.java:27)
	at io.cucumber.core.runner.PickleStepDefinitionMatch.runStep(PickleStepDefinitionMatch.java:63)
	at io.cucumber.core.runner.TestStep.executeStep(TestStep.java:64)
	at io.cucumber.core.runner.TestStep.run(TestStep.java:49)
	at io.cucumber.core.runner.PickleStepTestStep.run(PickleStepTestStep.java:46)
	at io.cucumber.core.runner.TestCase.run(TestCase.java:51)
	at io.cucumber.core.runner.Runner.runPickle(Runner.java:67)
	at io.cucumber.junit.PickleRunners$WithStepDescriptions.run(PickleRunners.java:100)
	at io.cucumber.junit.FeatureRunner.runChild(FeatureRunner.java:83)
	at io.cucumber.junit.FeatureRunner.runChild(FeatureRunner.java:24)
	at org.junit.runners.ParentRunner$4.run(ParentRunner.java:331)
	at org.junit.runners.ParentRunner$1.schedule(ParentRunner.java:79)
	at org.junit.runners.ParentRunner.runChildren(ParentRunner.java:329)
	at org.junit.runners.ParentRunner.access$100(ParentRunner.java:66)
	at org.junit.runners.ParentRunner$2.evaluate(ParentRunner.java:293)
	at org.junit.runners.ParentRunner$3.evaluate(ParentRunner.java:306)
	at org.junit.runners.ParentRunner.run(ParentRunner.java:413)
	at io.cucumber.junit.Cucumber.runChild(Cucumber.java:185)
	at io.cucumber.junit.Cucumber.runChild(Cucumber.java:83)
	at org.junit.runners.ParentRunner$4.run(ParentRunner.java:331)
	at org.junit.runners.ParentRunner$1.schedule(ParentRunner.java:79)
	at org.junit.runners.ParentRunner.runChildren(ParentRunner.java:329)
	at org.junit.runners.ParentRunner.access$100(ParentRunner.java:66)
	at org.junit.runners.ParentRunner$2.evaluate(ParentRunner.java:293)
	at io.cucumber.junit.Cucumber$RunCucumber.evaluate(Cucumber.java:219)
	at org.junit.runners.ParentRunner$3.evaluate(ParentRunner.java:306)
	at org.junit.runners.ParentRunner.run(ParentRunner.java:413)
	at org.gradle.api.internal.tasks.testing.junit.JUnitTestClassExecutor.runTestClass(JUnitTestClassExecutor.java:110)
	at org.gradle.api.internal.tasks.testing.junit.JUnitTestClassExecutor.execute(JUnitTestClassExecutor.java:58)
	at org.gradle.api.internal.tasks.testing.junit.JUnitTestClassExecutor.execute(JUnitTestClassExecutor.java:38)
	at org.gradle.api.internal.tasks.testing.junit.AbstractJUnitTestClassProcessor.processTestClass(AbstractJUnitTestClassProcessor.java:62)
	at org.gradle.api.internal.tasks.testing.SuiteTestClassProcessor.processTestClass(SuiteTestClassProcessor.java:51)
	at sun.reflect.NativeMethodAccessorImpl.invoke0(Native Method)
	at sun.reflect.NativeMethodAccessorImpl.invoke(NativeMethodAccessorImpl.java:62)
	at sun.reflect.DelegatingMethodAccessorImpl.invoke(DelegatingMethodAccessorImpl.java:43)
	at java.lang.reflect.Method.invoke(Method.java:498)
	at org.gradle.internal.dispatch.ReflectionDispatch.dispatch(ReflectionDispatch.java:35)
	at org.gradle.internal.dispatch.ReflectionDispatch.dispatch(ReflectionDispatch.java:24)
	at org.gradle.internal.dispatch.ContextClassLoaderDispatch.dispatch(ContextClassLoaderDispatch.java:32)
	at org.gradle.internal.dispatch.ProxyDispatchAdapter$DispatchingInvocationHandler.invoke(ProxyDispatchAdapter.java:93)
	at com.sun.proxy.$Proxy2.processTestClass(Unknown Source)
	at org.gradle.api.internal.tasks.testing.worker.TestWorker.processTestClass(TestWorker.java:118)
	at sun.reflect.NativeMethodAccessorImpl.invoke0(Native Method)
	at sun.reflect.NativeMethodAccessorImpl.invoke(NativeMethodAccessorImpl.java:62)
	at sun.reflect.DelegatingMethodAccessorImpl.invoke(DelegatingMethodAccessorImpl.java:43)
	at java.lang.reflect.Method.invoke(Method.java:498)
	at org.gradle.internal.dispatch.ReflectionDispatch.dispatch(ReflectionDispatch.java:35)
	at org.gradle.internal.dispatch.ReflectionDispatch.dispatch(ReflectionDispatch.java:24)
	at org.gradle.internal.remote.internal.hub.MessageHubBackedObjectConnection$DispatchWrapper.dispatch(MessageHubBackedObjectConnection.java:175)
	at org.gradle.internal.remote.internal.hub.MessageHubBackedObjectConnection$DispatchWrapper.dispatch(MessageHubBackedObjectConnection.java:157)
	at org.gradle.internal.remote.internal.hub.MessageHub$Handler.run(MessageHub.java:404)
	at org.gradle.internal.concurrent.ExecutorPolicy$CatchAndRecordFailures.onExecute(ExecutorPolicy.java:63)
	at org.gradle.internal.concurrent.ManagedExecutorImpl$1.run(ManagedExecutorImpl.java:46)
	at java.util.concurrent.ThreadPoolExecutor.runWorker(ThreadPoolExecutor.java:1149)
	at java.util.concurrent.ThreadPoolExecutor$Worker.run(ThreadPoolExecutor.java:624)
	at org.gradle.internal.concurrent.ThreadFactoryImpl$ManagedThreadRunnable.run(ThreadFactoryImpl.java:55)
	at java.lang.Thread.run(Thread.java:748)
</pre>
</span>
</div>
<div class="test">
<a name="classMethod"></a>
<h3 class="failures">classMethod</h3>
<span class="code">
<pre>org.openqa.selenium.TimeoutException: Expected condition failed: waiting for presence of element located by: By.id: //td[@class='roundy']//table//tbody//tr//td//big//b (tried for 30 second(s) with 500 milliseconds interval)
	at org.openqa.selenium.support.ui.WebDriverWait.timeoutException(WebDriverWait.java:95)
	at org.openqa.selenium.support.ui.FluentWait.until(FluentWait.java:272)
	at demo.pages.ArticlePage.getPokemonName(ArticlePage.java:14)
	at demo.steps.BulbapediaStepDefinition.userSeePokemonNamedWithNumberOnBulbapediaArticlePage(BulbapediaStepDefinition.java:28)
	at ✽.User see pokemon named &quot;Charmander&quot; on bulbapedia article page(file:///Users/zakiakhmadf/Desktop/Web_ZakiAkhmadFaridzan/src/test/resources/features/SearchPokemon.feature:19)
Caused by: org.openqa.selenium.NoSuchElementException: no such element: Unable to locate element: {&quot;method&quot;:&quot;css selector&quot;,&quot;selector&quot;:&quot;#\/\/td\[\@class\=\'roundy\'\]\/\/table\/\/tbody\/\/tr\/\/td\/\/big\/\/b&quot;}
  (Session info: chrome=81.0.4044.129)
For documentation on this error, please visit: https://www.seleniumhq.org/exceptions/no_such_element.html
Build info: version: '3.141.59', revision: 'e82be7d358', time: '2018-11-14T08:17:03'
System info: host: 'Zakis-MacBook-Pro.local', ip: 'fe80:0:0:0:149a:c6f8:f842:c174%en0', os.name: 'Mac OS X', os.arch: 'x86_64', os.version: '10.15.4', java.version: '1.8.0_251'
Driver info: org.openqa.selenium.chrome.ChromeDriver
Capabilities {acceptInsecureCerts: false, browserName: chrome, browserVersion: 81.0.4044.129, chrome: {chromedriverVersion: 81.0.4044.69 (6813546031a4b..., userDataDir: /var/folders/qq/ndm4q76j4p3...}, goog:chromeOptions: {debuggerAddress: localhost:58929}, javascriptEnabled: true, networkConnectionEnabled: false, pageLoadStrategy: normal, platform: MAC, platformName: MAC, proxy: Proxy(), setWindowRect: true, strictFileInteractability: false, timeouts: {implicit: 0, pageLoad: 300000, script: 30000}, unhandledPromptBehavior: dismiss and notify, webauthn:virtualAuthenticators: true}
Session ID: 8566bb7962b38c1ad41da98c6895b3e7
*** Element info: {Using=id, value=//td[@class='roundy']//table//tbody//tr//td//big//b}
	at sun.reflect.NativeConstructorAccessorImpl.newInstance0(Native Method)
	at sun.reflect.NativeConstructorAccessorImpl.newInstance(NativeConstructorAccessorImpl.java:62)
	at sun.reflect.DelegatingConstructorAccessorImpl.newInstance(DelegatingConstructorAccessorImpl.java:45)
	at java.lang.reflect.Constructor.newInstance(Constructor.java:423)
	at org.openqa.selenium.remote.http.W3CHttpResponseCodec.createException(W3CHttpResponseCodec.java:187)
	at org.openqa.selenium.remote.http.W3CHttpResponseCodec.decode(W3CHttpResponseCodec.java:122)
	at org.openqa.selenium.remote.http.W3CHttpResponseCodec.decode(W3CHttpResponseCodec.java:49)
	at org.openqa.selenium.remote.HttpCommandExecutor.execute(HttpCommandExecutor.java:158)
	at org.openqa.selenium.remote.service.DriverCommandExecutor.execute(DriverCommandExecutor.java:83)
	at org.openqa.selenium.remote.RemoteWebDriver.execute(RemoteWebDriver.java:552)
	at org.openqa.selenium.remote.RemoteWebDriver.findElement(RemoteWebDriver.java:323)
	at org.openqa.selenium.remote.RemoteWebDriver.findElementById(RemoteWebDriver.java:372)
	at org.openqa.selenium.By$ById.findElement(By.java:188)
	at org.openqa.selenium.remote.RemoteWebDriver.findElement(RemoteWebDriver.java:315)
	at org.openqa.selenium.support.ui.ExpectedConditions$6.apply(ExpectedConditions.java:182)
	at org.openqa.selenium.support.ui.ExpectedConditions$6.apply(ExpectedConditions.java:179)
	at org.openqa.selenium.support.ui.FluentWait.until(FluentWait.java:249)
	at demo.pages.ArticlePage.getPokemonName(ArticlePage.java:14)
	at demo.steps.BulbapediaStepDefinition.userSeePokemonNamedWithNumberOnBulbapediaArticlePage(BulbapediaStepDefinition.java:28)
	at sun.reflect.NativeMethodAccessorImpl.invoke0(Native Method)
	at sun.reflect.NativeMethodAccessorImpl.invoke(NativeMethodAccessorImpl.java:62)
	at sun.reflect.DelegatingMethodAccessorImpl.invoke(DelegatingMethodAccessorImpl.java:43)
	at java.lang.reflect.Method.invoke(Method.java:498)
	at io.cucumber.java.Invoker.invoke(Invoker.java:27)
	at io.cucumber.java.JavaStepDefinition.execute(JavaStepDefinition.java:27)
	at io.cucumber.core.runner.PickleStepDefinitionMatch.runStep(PickleStepDefinitionMatch.java:63)
	at io.cucumber.core.runner.TestStep.executeStep(TestStep.java:64)
	at io.cucumber.core.runner.TestStep.run(TestStep.java:49)
	at io.cucumber.core.runner.PickleStepTestStep.run(PickleStepTestStep.java:46)
	at io.cucumber.core.runner.TestCase.run(TestCase.java:51)
	at io.cucumber.core.runner.Runner.runPickle(Runner.java:67)
	at io.cucumber.junit.PickleRunners$WithStepDescriptions.run(PickleRunners.java:100)
	at io.cucumber.junit.FeatureRunner.runChild(FeatureRunner.java:83)
	at io.cucumber.junit.FeatureRunner.runChild(FeatureRunner.java:24)
	at org.junit.runners.ParentRunner$4.run(ParentRunner.java:331)
	at org.junit.runners.ParentRunner$1.schedule(ParentRunner.java:79)
	at org.junit.runners.ParentRunner.runChildren(ParentRunner.java:329)
	at org.junit.runners.ParentRunner.access$100(ParentRunner.java:66)
	at org.junit.runners.ParentRunner$2.evaluate(ParentRunner.java:293)
	at org.junit.runners.ParentRunner$3.evaluate(ParentRunner.java:306)
	at org.junit.runners.ParentRunner.run(ParentRunner.java:413)
	at io.cucumber.junit.Cucumber.runChild(Cucumber.java:185)
	at io.cucumber.junit.Cucumber.runChild(Cucumber.java:83)
	at org.junit.runners.ParentRunner$4.run(ParentRunner.java:331)
	at org.junit.runners.ParentRunner$1.schedule(ParentRunner.java:79)
	at org.junit.runners.ParentRunner.runChildren(ParentRunner.java:329)
	at org.junit.runners.ParentRunner.access$100(ParentRunner.java:66)
	at org.junit.runners.ParentRunner$2.evaluate(ParentRunner.java:293)
	at io.cucumber.junit.Cucumber$RunCucumber.evaluate(Cucumber.java:219)
	at org.junit.runners.ParentRunner$3.evaluate(ParentRunner.java:306)
	at org.junit.runners.ParentRunner.run(ParentRunner.java:413)
	at org.gradle.api.internal.tasks.testing.junit.JUnitTestClassExecutor.runTestClass(JUnitTestClassExecutor.java:110)
	at org.gradle.api.internal.tasks.testing.junit.JUnitTestClassExecutor.execute(JUnitTestClassExecutor.java:58)
	at org.gradle.api.internal.tasks.testing.junit.JUnitTestClassExecutor.execute(JUnitTestClassExecutor.java:38)
	at org.gradle.api.internal.tasks.testing.junit.AbstractJUnitTestClassProcessor.processTestClass(AbstractJUnitTestClassProcessor.java:62)
	at org.gradle.api.internal.tasks.testing.SuiteTestClassProcessor.processTestClass(SuiteTestClassProcessor.java:51)
	at sun.reflect.NativeMethodAccessorImpl.invoke0(Native Method)
	at sun.reflect.NativeMethodAccessorImpl.invoke(NativeMethodAccessorImpl.java:62)
	at sun.reflect.DelegatingMethodAccessorImpl.invoke(DelegatingMethodAccessorImpl.java:43)
	at java.lang.reflect.Method.invoke(Method.java:498)
	at org.gradle.internal.dispatch.ReflectionDispatch.dispatch(ReflectionDispatch.java:35)
	at org.gradle.internal.dispatch.ReflectionDispatch.dispatch(ReflectionDispatch.java:24)
	at org.gradle.internal.dispatch.ContextClassLoaderDispatch.dispatch(ContextClassLoaderDispatch.java:32)
	at org.gradle.internal.dispatch.ProxyDispatchAdapter$DispatchingInvocationHandler.invoke(ProxyDispatchAdapter.java:93)
	at com.sun.proxy.$Proxy2.processTestClass(Unknown Source)
	at org.gradle.api.internal.tasks.testing.worker.TestWorker.processTestClass(TestWorker.java:118)
	at sun.reflect.NativeMethodAccessorImpl.invoke0(Native Method)
	at sun.reflect.NativeMethodAccessorImpl.invoke(NativeMethodAccessorImpl.java:62)
	at sun.reflect.DelegatingMethodAccessorImpl.invoke(DelegatingMethodAccessorImpl.java:43)
	at java.lang.reflect.Method.invoke(Method.java:498)
	at org.gradle.internal.dispatch.ReflectionDispatch.dispatch(ReflectionDispatch.java:35)
	at org.gradle.internal.dispatch.ReflectionDispatch.dispatch(ReflectionDispatch.java:24)
	at org.gradle.internal.remote.internal.hub.MessageHubBackedObjectConnection$DispatchWrapper.dispatch(MessageHubBackedObjectConnection.java:175)
	at org.gradle.internal.remote.internal.hub.MessageHubBackedObjectConnection$DispatchWrapper.dispatch(MessageHubBackedObjectConnection.java:157)
	at org.gradle.internal.remote.internal.hub.MessageHub$Handler.run(MessageHub.java:404)
	at org.gradle.internal.concurrent.ExecutorPolicy$CatchAndRecordFailures.onExecute(ExecutorPolicy.java:63)
	at org.gradle.internal.concurrent.ManagedExecutorImpl$1.run(ManagedExecutorImpl.java:46)
	at java.util.concurrent.ThreadPoolExecutor.runWorker(ThreadPoolExecutor.java:1149)
	at java.util.concurrent.ThreadPoolExecutor$Worker.run(ThreadPoolExecutor.java:624)
	at org.gradle.internal.concurrent.ThreadFactoryImpl$ManagedThreadRunnable.run(ThreadFactoryImpl.java:55)
	at java.lang.Thread.run(Thread.java:748)
</pre>
</span>
</div>
<div class="test">
<a name="classMethod"></a>
<h3 class="failures">classMethod</h3>
<span class="code">
<pre>org.openqa.selenium.TimeoutException: Expected condition failed: waiting for presence of element located by: By.id: //td[@class='roundy']//table//tbody//tr//td//big//b (tried for 30 second(s) with 500 milliseconds interval)
	at org.openqa.selenium.support.ui.WebDriverWait.timeoutException(WebDriverWait.java:95)
	at org.openqa.selenium.support.ui.FluentWait.until(FluentWait.java:272)
	at demo.pages.ArticlePage.getPokemonName(ArticlePage.java:14)
	at demo.steps.BulbapediaStepDefinition.userSeePokemonNamedWithNumberOnBulbapediaArticlePage(BulbapediaStepDefinition.java:28)
	at ✽.User see pokemon named &quot;Charizard&quot; on bulbapedia article page(file:///Users/zakiakhmadf/Desktop/Web_ZakiAkhmadFaridzan/src/test/resources/features/SearchPokemon.feature:13)
Caused by: org.openqa.selenium.NoSuchElementException: no such element: Unable to locate element: {&quot;method&quot;:&quot;css selector&quot;,&quot;selector&quot;:&quot;#\/\/td\[\@class\=\'roundy\'\]\/\/table\/\/tbody\/\/tr\/\/td\/\/big\/\/b&quot;}
  (Session info: chrome=81.0.4044.129)
For documentation on this error, please visit: https://www.seleniumhq.org/exceptions/no_such_element.html
Build info: version: '3.141.59', revision: 'e82be7d358', time: '2018-11-14T08:17:03'
System info: host: 'Zakis-MacBook-Pro.local', ip: 'fe80:0:0:0:149a:c6f8:f842:c174%en0', os.name: 'Mac OS X', os.arch: 'x86_64', os.version: '10.15.4', java.version: '1.8.0_251'
Driver info: org.openqa.selenium.chrome.ChromeDriver
Capabilities {acceptInsecureCerts: false, browserName: chrome, browserVersion: 81.0.4044.129, chrome: {chromedriverVersion: 81.0.4044.69 (6813546031a4b..., userDataDir: /var/folders/qq/ndm4q76j4p3...}, goog:chromeOptions: {debuggerAddress: localhost:58511}, javascriptEnabled: true, networkConnectionEnabled: false, pageLoadStrategy: normal, platform: MAC, platformName: MAC, proxy: Proxy(), setWindowRect: true, strictFileInteractability: false, timeouts: {implicit: 0, pageLoad: 300000, script: 30000}, unhandledPromptBehavior: dismiss and notify, webauthn:virtualAuthenticators: true}
Session ID: 8f31b7f460a885d548768fe0d7bd1d1e
*** Element info: {Using=id, value=//td[@class='roundy']//table//tbody//tr//td//big//b}
	at sun.reflect.NativeConstructorAccessorImpl.newInstance0(Native Method)
	at sun.reflect.NativeConstructorAccessorImpl.newInstance(NativeConstructorAccessorImpl.java:62)
	at sun.reflect.DelegatingConstructorAccessorImpl.newInstance(DelegatingConstructorAccessorImpl.java:45)
	at java.lang.reflect.Constructor.newInstance(Constructor.java:423)
	at org.openqa.selenium.remote.http.W3CHttpResponseCodec.createException(W3CHttpResponseCodec.java:187)
	at org.openqa.selenium.remote.http.W3CHttpResponseCodec.decode(W3CHttpResponseCodec.java:122)
	at org.openqa.selenium.remote.http.W3CHttpResponseCodec.decode(W3CHttpResponseCodec.java:49)
	at org.openqa.selenium.remote.HttpCommandExecutor.execute(HttpCommandExecutor.java:158)
	at org.openqa.selenium.remote.service.DriverCommandExecutor.execute(DriverCommandExecutor.java:83)
	at org.openqa.selenium.remote.RemoteWebDriver.execute(RemoteWebDriver.java:552)
	at org.openqa.selenium.remote.RemoteWebDriver.findElement(RemoteWebDriver.java:323)
	at org.openqa.selenium.remote.RemoteWebDriver.findElementById(RemoteWebDriver.java:372)
	at org.openqa.selenium.By$ById.findElement(By.java:188)
	at org.openqa.selenium.remote.RemoteWebDriver.findElement(RemoteWebDriver.java:315)
	at org.openqa.selenium.support.ui.ExpectedConditions$6.apply(ExpectedConditions.java:182)
	at org.openqa.selenium.support.ui.ExpectedConditions$6.apply(ExpectedConditions.java:179)
	at org.openqa.selenium.support.ui.FluentWait.until(FluentWait.java:249)
	at demo.pages.ArticlePage.getPokemonName(ArticlePage.java:14)
	at demo.steps.BulbapediaStepDefinition.userSeePokemonNamedWithNumberOnBulbapediaArticlePage(BulbapediaStepDefinition.java:28)
	at sun.reflect.NativeMethodAccessorImpl.invoke0(Native Method)
	at sun.reflect.NativeMethodAccessorImpl.invoke(NativeMethodAccessorImpl.java:62)
	at sun.reflect.DelegatingMethodAccessorImpl.invoke(DelegatingMethodAccessorImpl.java:43)
	at java.lang.reflect.Method.invoke(Method.java:498)
	at io.cucumber.java.Invoker.invoke(Invoker.java:27)
	at io.cucumber.java.JavaStepDefinition.execute(JavaStepDefinition.java:27)
	at io.cucumber.core.runner.PickleStepDefinitionMatch.runStep(PickleStepDefinitionMatch.java:63)
	at io.cucumber.core.runner.TestStep.executeStep(TestStep.java:64)
	at io.cucumber.core.runner.TestStep.run(TestStep.java:49)
	at io.cucumber.core.runner.PickleStepTestStep.run(PickleStepTestStep.java:46)
	at io.cucumber.core.runner.TestCase.run(TestCase.java:51)
	at io.cucumber.core.runner.Runner.runPickle(Runner.java:67)
	at io.cucumber.junit.PickleRunners$WithStepDescriptions.run(PickleRunners.java:100)
	at io.cucumber.junit.FeatureRunner.runChild(FeatureRunner.java:83)
	at io.cucumber.junit.FeatureRunner.runChild(FeatureRunner.java:24)
	at org.junit.runners.ParentRunner$4.run(ParentRunner.java:331)
	at org.junit.runners.ParentRunner$1.schedule(ParentRunner.java:79)
	at org.junit.runners.ParentRunner.runChildren(ParentRunner.java:329)
	at org.junit.runners.ParentRunner.access$100(ParentRunner.java:66)
	at org.junit.runners.ParentRunner$2.evaluate(ParentRunner.java:293)
	at org.junit.runners.ParentRunner$3.evaluate(ParentRunner.java:306)
	at org.junit.runners.ParentRunner.run(ParentRunner.java:413)
	at io.cucumber.junit.Cucumber.runChild(Cucumber.java:185)
	at io.cucumber.junit.Cucumber.runChild(Cucumber.java:83)
	at org.junit.runners.ParentRunner$4.run(ParentRunner.java:331)
	at org.junit.runners.ParentRunner$1.schedule(ParentRunner.java:79)
	at org.junit.runners.ParentRunner.runChildren(ParentRunner.java:329)
	at org.junit.runners.ParentRunner.access$100(ParentRunner.java:66)
	at org.junit.runners.ParentRunner$2.evaluate(ParentRunner.java:293)
	at io.cucumber.junit.Cucumber$RunCucumber.evaluate(Cucumber.java:219)
	at org.junit.runners.ParentRunner$3.evaluate(ParentRunner.java:306)
	at org.junit.runners.ParentRunner.run(ParentRunner.java:413)
	at org.gradle.api.internal.tasks.testing.junit.JUnitTestClassExecutor.runTestClass(JUnitTestClassExecutor.java:110)
	at org.gradle.api.internal.tasks.testing.junit.JUnitTestClassExecutor.execute(JUnitTestClassExecutor.java:58)
	at org.gradle.api.internal.tasks.testing.junit.JUnitTestClassExecutor.execute(JUnitTestClassExecutor.java:38)
	at org.gradle.api.internal.tasks.testing.junit.AbstractJUnitTestClassProcessor.processTestClass(AbstractJUnitTestClassProcessor.java:62)
	at org.gradle.api.internal.tasks.testing.SuiteTestClassProcessor.processTestClass(SuiteTestClassProcessor.java:51)
	at sun.reflect.NativeMethodAccessorImpl.invoke0(Native Method)
	at sun.reflect.NativeMethodAccessorImpl.invoke(NativeMethodAccessorImpl.java:62)
	at sun.reflect.DelegatingMethodAccessorImpl.invoke(DelegatingMethodAccessorImpl.java:43)
	at java.lang.reflect.Method.invoke(Method.java:498)
	at org.gradle.internal.dispatch.ReflectionDispatch.dispatch(ReflectionDispatch.java:35)
	at org.gradle.internal.dispatch.ReflectionDispatch.dispatch(ReflectionDispatch.java:24)
	at org.gradle.internal.dispatch.ContextClassLoaderDispatch.dispatch(ContextClassLoaderDispatch.java:32)
	at org.gradle.internal.dispatch.ProxyDispatchAdapter$DispatchingInvocationHandler.invoke(ProxyDispatchAdapter.java:93)
	at com.sun.proxy.$Proxy2.processTestClass(Unknown Source)
	at org.gradle.api.internal.tasks.testing.worker.TestWorker.processTestClass(TestWorker.java:118)
	at sun.reflect.NativeMethodAccessorImpl.invoke0(Native Method)
	at sun.reflect.NativeMethodAccessorImpl.invoke(NativeMethodAccessorImpl.java:62)
	at sun.reflect.DelegatingMethodAccessorImpl.invoke(DelegatingMethodAccessorImpl.java:43)
	at java.lang.reflect.Method.invoke(Method.java:498)
	at org.gradle.internal.dispatch.ReflectionDispatch.dispatch(ReflectionDispatch.java:35)
	at org.gradle.internal.dispatch.ReflectionDispatch.dispatch(ReflectionDispatch.java:24)
	at org.gradle.internal.remote.internal.hub.MessageHubBackedObjectConnection$DispatchWrapper.dispatch(MessageHubBackedObjectConnection.java:175)
	at org.gradle.internal.remote.internal.hub.MessageHubBackedObjectConnection$DispatchWrapper.dispatch(MessageHubBackedObjectConnection.java:157)
	at org.gradle.internal.remote.internal.hub.MessageHub$Handler.run(MessageHub.java:404)
	at org.gradle.internal.concurrent.ExecutorPolicy$CatchAndRecordFailures.onExecute(ExecutorPolicy.java:63)
	at org.gradle.internal.concurrent.ManagedExecutorImpl$1.run(ManagedExecutorImpl.java:46)
	at java.util.concurrent.ThreadPoolExecutor.runWorker(ThreadPoolExecutor.java:1149)
	at java.util.concurrent.ThreadPoolExecutor$Worker.run(ThreadPoolExecutor.java:624)
	at org.gradle.internal.concurrent.ThreadFactoryImpl$ManagedThreadRunnable.run(ThreadFactoryImpl.java:55)
	at java.lang.Thread.run(Thread.java:748)
</pre>
</span>
</div>
<div class="test">
<a name="classMethod"></a>
<h3 class="failures">classMethod</h3>
<span class="code">
<pre>org.openqa.selenium.ElementNotInteractableException: element not interactable
  (Session info: chrome=81.0.4044.129)
Build info: version: '3.141.59', revision: 'e82be7d358', time: '2018-11-14T08:17:03'
System info: host: 'Zakis-MacBook-Pro.local', ip: 'fe80:0:0:0:149a:c6f8:f842:c174%en0', os.name: 'Mac OS X', os.arch: 'x86_64', os.version: '10.15.4', java.version: '1.8.0_251'
Driver info: org.openqa.selenium.chrome.ChromeDriver
Capabilities {acceptInsecureCerts: false, browserName: chrome, browserVersion: 81.0.4044.129, chrome: {chromedriverVersion: 81.0.4044.69 (6813546031a4b..., userDataDir: /var/folders/qq/ndm4q76j4p3...}, goog:chromeOptions: {debuggerAddress: localhost:58298}, javascriptEnabled: true, networkConnectionEnabled: false, pageLoadStrategy: normal, platform: MAC, platformName: MAC, proxy: Proxy(), setWindowRect: true, strictFileInteractability: false, timeouts: {implicit: 0, pageLoad: 300000, script: 30000}, unhandledPromptBehavior: dismiss and notify, webauthn:virtualAuthenticators: true}
Session ID: 2e068a96c9b443bd124e80b5a643221b
	at sun.reflect.NativeConstructorAccessorImpl.newInstance0(Native Method)
	at sun.reflect.NativeConstructorAccessorImpl.newInstance(NativeConstructorAccessorImpl.java:62)
	at sun.reflect.DelegatingConstructorAccessorImpl.newInstance(DelegatingConstructorAccessorImpl.java:45)
	at java.lang.reflect.Constructor.newInstance(Constructor.java:423)
	at org.openqa.selenium.remote.http.W3CHttpResponseCodec.createException(W3CHttpResponseCodec.java:187)
	at org.openqa.selenium.remote.http.W3CHttpResponseCodec.decode(W3CHttpResponseCodec.java:122)
	at org.openqa.selenium.remote.http.W3CHttpResponseCodec.decode(W3CHttpResponseCodec.java:49)
	at org.openqa.selenium.remote.HttpCommandExecutor.execute(HttpCommandExecutor.java:158)
	at org.openqa.selenium.remote.service.DriverCommandExecutor.execute(DriverCommandExecutor.java:83)
	at org.openqa.selenium.remote.RemoteWebDriver.execute(RemoteWebDriver.java:552)
	at org.openqa.selenium.remote.RemoteWebElement.execute(RemoteWebElement.java:285)
	at org.openqa.selenium.remote.RemoteWebElement.sendKeys(RemoteWebElement.java:106)
	at demo.pages.HomePage.inputAndSearchPokemon(HomePage.java:21)
	at demo.steps.BulbapediaStepDefinition.userInputPokemonOnTheSearchField(BulbapediaStepDefinition.java:23)
	at ✽.User input pokemon &quot;Pikachu&quot; on the search field(file:///Users/zakiakhmadf/Desktop/Web_ZakiAkhmadFaridzan/src/test/resources/features/SearchPokemon.feature:6)
</pre>
</span>
</div>
</div>
<div id="tab1" class="tab">
<h2>Tests</h2>
<table>
<thead>
<tr>
<th>Test</th>
<th>Duration</th>
<th>Result</th>
</tr>
</thead>
<tr>
<td class="success">User input pokemon &quot;Charizard&quot; on the search field</td>
<td class="success">19.398s</td>
<td class="success">passed</td>
</tr>
<tr>
<td class="success">User input pokemon &quot;Charmander&quot; on the search field</td>
<td class="success">3.478s</td>
<td class="success">passed</td>
</tr>
<tr>
<td class="failures">User input pokemon &quot;Pikachu&quot; on the search field</td>
<td class="failures">5.319s</td>
<td class="failures">failed</td>
</tr>
<tr>
<td class="success">User open bulbapedia home page</td>
<td class="success">28.818s</td>
<td class="success">passed</td>
</tr>
<tr>
<td class="success">User open bulbapedia home page</td>
<td class="success">7.972s</td>
<td class="success">passed</td>
</tr>
<tr>
<td class="success">User open bulbapedia home page</td>
<td class="success">7.635s</td>
<td class="success">passed</td>
</tr>
<tr>
<td class="failures">User see pokemon named &quot;Charizard&quot; on bulbapedia article page</td>
<td class="failures">32.796s</td>
<td class="failures">failed</td>
</tr>
<tr>
<td class="failures">User see pokemon named &quot;Charmander&quot; on bulbapedia article page</td>
<td class="failures">32.706s</td>
<td class="failures">failed</td>
</tr>
<tr>
<td class="skipped">User see pokemon named &quot;Pikachu&quot; on bulbapedia article page</td>
<td class="skipped">-</td>
<td class="skipped">ignored</td>
</tr>
<tr>
<td class="skipped">User see pokemon number &quot;#004&quot; on bulbapedia article</td>
<td class="skipped">-</td>
<td class="skipped">ignored</td>
</tr>
<tr>
<td class="skipped">User see pokemon number &quot;#006&quot; on bulbapedia article</td>
<td class="skipped">-</td>
<td class="skipped">ignored</td>
</tr>
<tr>
<td class="skipped">User see pokemon number &quot;#025&quot; on bulbapedia article</td>
<td class="skipped">-</td>
<td class="skipped">ignored</td>
</tr>
<tr>
<td class="failures">classMethod</td>
<td class="failures">45.689s</td>
<td class="failures">failed</td>
</tr>
<tr>
<td class="failures">classMethod</td>
<td class="failures">1m1.44s</td>
<td class="failures">failed</td>
</tr>
<tr>
<td class="failures">classMethod</td>
<td class="failures">36.643s</td>
<td class="failures">failed</td>
</tr>
</table>
</div>
<div id="tab2" class="tab">
<h2>Standard error</h2>
<span class="code">
<pre>Starting ChromeDriver 81.0.4044.69 (6813546031a4bc83f717a2ef7cd4ac6ec1199132-refs/branch-heads/4044@{#776}) on port 45986
Only local connections are allowed.
Please protect ports used by ChromeDriver and related test frameworks to prevent access by malicious code.
Apr 29, 2020 3:50:56 PM org.openqa.selenium.remote.ProtocolHandshake createSession
INFO: Detected dialect: W3C
[1588150258.924][SEVERE]: Timed out receiving message from renderer: 0.100
[1588150259.026][SEVERE]: Timed out receiving message from renderer: 0.100
[1588150259.131][SEVERE]: Timed out receiving message from renderer: 0.100
[1588150259.233][SEVERE]: Timed out receiving message from renderer: 0.100
[1588150259.335][SEVERE]: Timed out receiving message from renderer: 0.100
[1588150259.437][SEVERE]: Timed out receiving message from renderer: 0.100
[1588150259.540][SEVERE]: Timed out receiving message from renderer: 0.100
[1588150259.642][SEVERE]: Timed out receiving message from renderer: 0.100
[1588150259.744][SEVERE]: Timed out receiving message from renderer: 0.100
[1588150259.847][SEVERE]: Timed out receiving message from renderer: 0.100
[1588150259.948][SEVERE]: Timed out receiving message from renderer: 0.100
[1588150260.051][SEVERE]: Timed out receiving message from renderer: 0.100
[1588150260.243][SEVERE]: Timed out receiving message from renderer: 0.100
[1588150260.345][SEVERE]: Timed out receiving message from renderer: 0.100
[1588150260.448][SEVERE]: Timed out receiving message from renderer: 0.100
[1588150260.550][SEVERE]: Timed out receiving message from renderer: 0.100
[1588150260.651][SEVERE]: Timed out receiving message from renderer: 0.100
[1588150260.753][SEVERE]: Timed out receiving message from renderer: 0.100
[1588150260.856][SEVERE]: Timed out receiving message from renderer: 0.100
[1588150260.959][SEVERE]: Timed out receiving message from renderer: 0.100
[1588150261.060][SEVERE]: Timed out receiving message from renderer: 0.100
[1588150261.162][SEVERE]: Timed out receiving message from renderer: 0.100
[1588150261.265][SEVERE]: Timed out receiving message from renderer: 0.100
[1588150261.368][SEVERE]: Timed out receiving message from renderer: 0.100
[1588150261.470][SEVERE]: Timed out receiving message from renderer: 0.100
[1588150261.572][SEVERE]: Timed out receiving message from renderer: 0.100
[1588150261.674][SEVERE]: Timed out receiving message from renderer: 0.100
[1588150261.777][SEVERE]: Timed out receiving message from renderer: 0.100
[1588150261.881][SEVERE]: Timed out receiving message from renderer: 0.100
[1588150261.985][SEVERE]: Timed out receiving message from renderer: 0.100
[1588150262.088][SEVERE]: Timed out receiving message from renderer: 0.100
[1588150262.190][SEVERE]: Timed out receiving message from renderer: 0.100
[1588150262.291][SEVERE]: Timed out receiving message from renderer: 0.100
[1588150262.394][SEVERE]: Timed out receiving message from renderer: 0.100
[1588150262.496][SEVERE]: Timed out receiving message from renderer: 0.100
[1588150262.601][SEVERE]: Timed out receiving message from renderer: 0.100
[1588150262.703][SEVERE]: Timed out receiving message from renderer: 0.100
[1588150262.805][SEVERE]: Timed out receiving message from renderer: 0.100
[1588150262.908][SEVERE]: Timed out receiving message from renderer: 0.100
[1588150263.010][SEVERE]: Timed out receiving message from renderer: 0.100
[1588150263.112][SEVERE]: Timed out receiving message from renderer: 0.100
[1588150263.214][SEVERE]: Timed out receiving message from renderer: 0.100
[1588150263.317][SEVERE]: Timed out receiving message from renderer: 0.100
[1588150263.419][SEVERE]: Timed out receiving message from renderer: 0.100
[1588150263.522][SEVERE]: Timed out receiving message from renderer: 0.100
[1588150263.624][SEVERE]: Timed out receiving message from renderer: 0.100
[1588150263.726][SEVERE]: Timed out receiving message from renderer: 0.100
[1588150263.828][SEVERE]: Timed out receiving message from renderer: 0.100
[1588150263.931][SEVERE]: Timed out receiving message from renderer: 0.100
[1588150264.033][SEVERE]: Timed out receiving message from renderer: 0.100
[1588150264.139][SEVERE]: Timed out receiving message from renderer: 0.100
[1588150264.240][SEVERE]: Timed out receiving message from renderer: 0.100
[1588150264.342][SEVERE]: Timed out receiving message from renderer: 0.100
[1588150264.443][SEVERE]: Timed out receiving message from renderer: 0.100
[1588150264.928][SEVERE]: Timed out receiving message from renderer: 0.100
[1588150265.030][SEVERE]: Timed out receiving message from renderer: 0.100
[1588150265.133][SEVERE]: Timed out receiving message from renderer: 0.100
[1588150265.237][SEVERE]: Timed out receiving message from renderer: 0.100
[1588150265.340][SEVERE]: Timed out receiving message from renderer: 0.100
[1588150265.442][SEVERE]: Timed out receiving message from renderer: 0.100
[1588150265.544][SEVERE]: Timed out receiving message from renderer: 0.100
[1588150265.647][SEVERE]: Timed out receiving message from renderer: 0.100
[1588150265.750][SEVERE]: Timed out receiving message from renderer: 0.100
[1588150265.852][SEVERE]: Timed out receiving message from renderer: 0.100
[1588150265.956][SEVERE]: Timed out receiving message from renderer: 0.100
[1588150266.058][SEVERE]: Timed out receiving message from renderer: 0.100
[1588150266.160][SEVERE]: Timed out receiving message from renderer: 0.100
[1588150266.261][SEVERE]: Timed out receiving message from renderer: 0.100
[1588150266.363][SEVERE]: Timed out receiving message from renderer: 0.100
[1588150266.466][SEVERE]: Timed out receiving message from renderer: 0.100
[1588150266.568][SEVERE]: Timed out receiving message from renderer: 0.100
[1588150266.671][SEVERE]: Timed out receiving message from renderer: 0.100
[1588150266.774][SEVERE]: Timed out receiving message from renderer: 0.100
[1588150266.876][SEVERE]: Timed out receiving message from renderer: 0.100
[1588150266.980][SEVERE]: Timed out receiving message from renderer: 0.100
[1588150267.083][SEVERE]: Timed out receiving message from renderer: 0.100
[1588150267.185][SEVERE]: Timed out receiving message from renderer: 0.100
[1588150267.286][SEVERE]: Timed out receiving message from renderer: 0.100
[1588150267.387][SEVERE]: Timed out receiving message from renderer: 0.100
[1588150267.488][SEVERE]: Timed out receiving message from renderer: 0.100
[1588150267.590][SEVERE]: Timed out receiving message from renderer: 0.100
[1588150267.699][SEVERE]: Timed out receiving message from renderer: 0.100
[1588150267.802][SEVERE]: Timed out receiving message from renderer: 0.100
[1588150267.904][SEVERE]: Timed out receiving message from renderer: 0.100
[1588150268.005][SEVERE]: Timed out receiving message from renderer: 0.100
[1588150268.108][SEVERE]: Timed out receiving message from renderer: 0.100
[1588150268.210][SEVERE]: Timed out receiving message from renderer: 0.100
[1588150268.313][SEVERE]: Timed out receiving message from renderer: 0.100
[1588150268.415][SEVERE]: Timed out receiving message from renderer: 0.100
[1588150268.518][SEVERE]: Timed out receiving message from renderer: 0.100
[1588150268.621][SEVERE]: Timed out receiving message from renderer: 0.100
[1588150268.724][SEVERE]: Timed out receiving message from renderer: 0.100
[1588150268.827][SEVERE]: Timed out receiving message from renderer: 0.100
[1588150268.929][SEVERE]: Timed out receiving message from renderer: 0.100
[1588150269.033][SEVERE]: Timed out receiving message from renderer: 0.100
[1588150269.136][SEVERE]: Timed out receiving message from renderer: 0.100
[1588150269.238][SEVERE]: Timed out receiving message from renderer: 0.100
[1588150269.340][SEVERE]: Timed out receiving message from renderer: 0.100
[1588150269.442][SEVERE]: Timed out receiving message from renderer: 0.100
[1588150269.545][SEVERE]: Timed out receiving message from renderer: 0.100
[1588150269.647][SEVERE]: Timed out receiving message from renderer: 0.100
[1588150269.748][SEVERE]: Timed out receiving message from renderer: 0.100
[1588150269.851][SEVERE]: Timed out receiving message from renderer: 0.100
[1588150269.954][SEVERE]: Timed out receiving message from renderer: 0.100
[1588150270.055][SEVERE]: Timed out receiving message from renderer: 0.100
[1588150270.158][SEVERE]: Timed out receiving message from renderer: 0.100
[1588150270.260][SEVERE]: Timed out receiving message from renderer: 0.100
[1588150270.362][SEVERE]: Timed out receiving message from renderer: 0.100
[1588150270.464][SEVERE]: Timed out receiving message from renderer: 0.100
[1588150270.565][SEVERE]: Timed out receiving message from renderer: 0.100
[1588150270.668][SEVERE]: Timed out receiving message from renderer: 0.100
[1588150270.772][SEVERE]: Timed out receiving message from renderer: 0.100
[1588150270.875][SEVERE]: Timed out receiving message from renderer: 0.100
[1588150270.977][SEVERE]: Timed out receiving message from renderer: 0.100
[1588150271.081][SEVERE]: Timed out receiving message from renderer: 0.100
[1588150271.184][SEVERE]: Timed out receiving message from renderer: 0.100
[1588150271.286][SEVERE]: Timed out receiving message from renderer: 0.100
[1588150271.390][SEVERE]: Timed out receiving message from renderer: 0.100
[1588150271.492][SEVERE]: Timed out receiving message from renderer: 0.100
[1588150271.594][SEVERE]: Timed out receiving message from renderer: 0.100
[1588150271.697][SEVERE]: Timed out receiving message from renderer: 0.100
[1588150271.804][SEVERE]: Timed out receiving message from renderer: 0.100
[1588150271.906][SEVERE]: Timed out receiving message from renderer: 0.100
[1588150272.009][SEVERE]: Timed out receiving message from renderer: 0.100
[1588150272.112][SEVERE]: Timed out receiving message from renderer: 0.100
[1588150272.214][SEVERE]: Timed out receiving message from renderer: 0.100
[1588150272.320][SEVERE]: Timed out receiving message from renderer: 0.100
[1588150272.423][SEVERE]: Timed out receiving message from renderer: 0.100
[1588150272.524][SEVERE]: Timed out receiving message from renderer: 0.100
[1588150272.627][SEVERE]: Timed out receiving message from renderer: 0.100
[1588150272.730][SEVERE]: Timed out receiving message from renderer: 0.100
[1588150272.833][SEVERE]: Timed out receiving message from renderer: 0.100
[1588150272.935][SEVERE]: Timed out receiving message from renderer: 0.100
[1588150273.037][SEVERE]: Timed out receiving message from renderer: 0.100
[1588150273.140][SEVERE]: Timed out receiving message from renderer: 0.100
[1588150273.243][SEVERE]: Timed out receiving message from renderer: 0.100
[1588150273.345][SEVERE]: Timed out receiving message from renderer: 0.100
[1588150273.448][SEVERE]: Timed out receiving message from renderer: 0.100
[1588150273.551][SEVERE]: Timed out receiving message from renderer: 0.100
[1588150273.655][SEVERE]: Timed out receiving message from renderer: 0.100
[1588150273.758][SEVERE]: Timed out receiving message from renderer: 0.100
[1588150273.860][SEVERE]: Timed out receiving message from renderer: 0.100
[1588150273.962][SEVERE]: Timed out receiving message from renderer: 0.100
[1588150274.065][SEVERE]: Timed out receiving message from renderer: 0.100
[1588150274.167][SEVERE]: Timed out receiving message from renderer: 0.100
[1588150274.270][SEVERE]: Timed out receiving message from renderer: 0.100
[1588150274.372][SEVERE]: Timed out receiving message from renderer: 0.100
[1588150274.475][SEVERE]: Timed out receiving message from renderer: 0.100
[1588150274.578][SEVERE]: Timed out receiving message from renderer: 0.100
[1588150274.680][SEVERE]: Timed out receiving message from renderer: 0.100
[1588150274.783][SEVERE]: Timed out receiving message from renderer: 0.100
[1588150274.885][SEVERE]: Timed out receiving message from renderer: 0.100
[1588150274.988][SEVERE]: Timed out receiving message from renderer: 0.100
[1588150275.090][SEVERE]: Timed out receiving message from renderer: 0.100
[1588150275.193][SEVERE]: Timed out receiving message from renderer: 0.100
[1588150275.295][SEVERE]: Timed out receiving message from renderer: 0.100
[1588150275.397][SEVERE]: Timed out receiving message from renderer: 0.100
[1588150275.500][SEVERE]: Timed out receiving message from renderer: 0.100
[1588150275.602][SEVERE]: Timed out receiving message from renderer: 0.100
[1588150275.704][SEVERE]: Timed out receiving message from renderer: 0.100
[1588150275.806][SEVERE]: Timed out receiving message from renderer: 0.100
[1588150275.907][SEVERE]: Timed out receiving message from renderer: 0.100
[1588150276.010][SEVERE]: Timed out receiving message from renderer: 0.100
[1588150276.114][SEVERE]: Timed out receiving message from renderer: 0.100
[1588150276.217][SEVERE]: Timed out receiving message from renderer: 0.100
[1588150276.320][SEVERE]: Timed out receiving message from renderer: 0.100
[1588150276.423][SEVERE]: Timed out receiving message from renderer: 0.100
[1588150276.524][SEVERE]: Timed out receiving message from renderer: 0.100
[1588150276.627][SEVERE]: Timed out receiving message from renderer: 0.100
[1588150276.732][SEVERE]: Timed out receiving message from renderer: 0.100
[1588150276.834][SEVERE]: Timed out receiving message from renderer: 0.100
[1588150276.937][SEVERE]: Timed out receiving message from renderer: 0.100
[1588150277.039][SEVERE]: Timed out receiving message from renderer: 0.100
[1588150277.141][SEVERE]: Timed out receiving message from renderer: 0.100
[1588150277.244][SEVERE]: Timed out receiving message from renderer: 0.100
[1588150277.347][SEVERE]: Timed out receiving message from renderer: 0.100
[1588150277.450][SEVERE]: Timed out receiving message from renderer: 0.100
[1588150277.552][SEVERE]: Timed out receiving message from renderer: 0.100
[1588150277.654][SEVERE]: Timed out receiving message from renderer: 0.100
[1588150277.756][SEVERE]: Timed out receiving message from renderer: 0.100
[1588150277.858][SEVERE]: Timed out receiving message from renderer: 0.100
[1588150277.960][SEVERE]: Timed out receiving message from renderer: 0.100
[1588150278.062][SEVERE]: Timed out receiving message from renderer: 0.100
[1588150278.164][SEVERE]: Timed out receiving message from renderer: 0.100
[1588150278.266][SEVERE]: Timed out receiving message from renderer: 0.100
[1588150278.368][SEVERE]: Timed out receiving message from renderer: 0.100
[1588150278.470][SEVERE]: Timed out receiving message from renderer: 0.100
[1588150278.572][SEVERE]: Timed out receiving message from renderer: 0.100
[1588150278.675][SEVERE]: Timed out receiving message from renderer: 0.100
[1588150278.779][SEVERE]: Timed out receiving message from renderer: 0.100
[1588150278.881][SEVERE]: Timed out receiving message from renderer: 0.100
[1588150278.983][SEVERE]: Timed out receiving message from renderer: 0.100
[1588150279.085][SEVERE]: Timed out receiving message from renderer: 0.100
[1588150279.189][SEVERE]: Timed out receiving message from renderer: 0.100
[1588150279.292][SEVERE]: Timed out receiving message from renderer: 0.100
[1588150279.394][SEVERE]: Timed out receiving message from renderer: 0.100
[1588150279.498][SEVERE]: Timed out receiving message from renderer: 0.100
[1588150279.600][SEVERE]: Timed out receiving message from renderer: 0.100
[1588150279.702][SEVERE]: Timed out receiving message from renderer: 0.100
[1588150279.806][SEVERE]: Timed out receiving message from renderer: 0.100
[1588150279.907][SEVERE]: Timed out receiving message from renderer: 0.100
[1588150280.008][SEVERE]: Timed out receiving message from renderer: 0.100
[1588150280.111][SEVERE]: Timed out receiving message from renderer: 0.100
[1588150280.214][SEVERE]: Timed out receiving message from renderer: 0.100
[1588150280.315][SEVERE]: Timed out receiving message from renderer: 0.100
[1588150280.418][SEVERE]: Timed out receiving message from renderer: 0.100
[1588150280.519][SEVERE]: Timed out receiving message from renderer: 0.100
[1588150280.626][SEVERE]: Timed out receiving message from renderer: 0.100
[1588150280.728][SEVERE]: Timed out receiving message from renderer: 0.100
[1588150280.830][SEVERE]: Timed out receiving message from renderer: 0.100
[1588150280.932][SEVERE]: Timed out receiving message from renderer: 0.100
[1588150281.033][SEVERE]: Timed out receiving message from renderer: 0.100
[1588150281.134][SEVERE]: Timed out receiving message from renderer: 0.100
[1588150281.235][SEVERE]: Timed out receiving message from renderer: 0.100
[1588150281.341][SEVERE]: Timed out receiving message from renderer: 0.100
[1588150281.444][SEVERE]: Timed out receiving message from renderer: 0.100
[1588150281.548][SEVERE]: Timed out receiving message from renderer: 0.100
[1588150281.652][SEVERE]: Timed out receiving message from renderer: 0.100
[1588150281.755][SEVERE]: Timed out receiving message from renderer: 0.100
[1588150281.862][SEVERE]: Timed out receiving message from renderer: 0.100
[1588150281.965][SEVERE]: Timed out receiving message from renderer: 0.100
[1588150282.067][SEVERE]: Timed out receiving message from renderer: 0.100
[1588150282.169][SEVERE]: Timed out receiving message from renderer: 0.100
[1588150282.271][SEVERE]: Timed out receiving message from renderer: 0.100
[1588150282.373][SEVERE]: Timed out receiving message from renderer: 0.100
[1588150282.476][SEVERE]: Timed out receiving message from renderer: 0.100
[1588150282.578][SEVERE]: Timed out receiving message from renderer: 0.100
[1588150282.681][SEVERE]: Timed out receiving message from renderer: 0.100
[1588150282.782][SEVERE]: Timed out receiving message from renderer: 0.100
[1588150282.884][SEVERE]: Timed out receiving message from renderer: 0.100
[1588150282.986][SEVERE]: Timed out receiving message from renderer: 0.100
[1588150283.089][SEVERE]: Timed out receiving message from renderer: 0.100
[1588150283.194][SEVERE]: Timed out receiving message from renderer: 0.100
[1588150283.299][SEVERE]: Timed out receiving message from renderer: 0.100
[1588150283.401][SEVERE]: Timed out receiving message from renderer: 0.100
[1588150283.504][SEVERE]: Timed out receiving message from renderer: 0.100
[1588150283.607][SEVERE]: Timed out receiving message from renderer: 0.100
[1588150283.709][SEVERE]: Timed out receiving message from renderer: 0.100
[1588150283.812][SEVERE]: Timed out receiving message from renderer: 0.100
[1588150283.915][SEVERE]: Timed out receiving message from renderer: 0.100
[1588150284.021][SEVERE]: Timed out receiving message from renderer: 0.100
[1588150284.124][SEVERE]: Timed out receiving message from renderer: 0.100
[1588150284.227][SEVERE]: Timed out receiving message from renderer: 0.100
[1588150284.331][SEVERE]: Timed out receiving message from renderer: 0.100
[1588150284.437][SEVERE]: Timed out receiving message from renderer: 0.100
[1588150284.542][SEVERE]: Timed out receiving message from renderer: 0.100
[1588150284.648][SEVERE]: Timed out receiving message from renderer: 0.100
[1588150284.749][SEVERE]: Timed out receiving message from renderer: 0.100
Starting ChromeDriver 81.0.4044.69 (6813546031a4bc83f717a2ef7cd4ac6ec1199132-refs/branch-heads/4044@{#776}) on port 40373
Only local connections are allowed.
Please protect ports used by ChromeDriver and related test frameworks to prevent access by malicious code.
Apr 29, 2020 3:51:31 PM org.openqa.selenium.remote.ProtocolHandshake createSession
INFO: Detected dialect: W3C
[1588150292.842][SEVERE]: Timed out receiving message from renderer: 0.100
[1588150292.971][SEVERE]: Timed out receiving message from renderer: 0.100
[1588150293.075][SEVERE]: Timed out receiving message from renderer: 0.100
[1588150293.177][SEVERE]: Timed out receiving message from renderer: 0.100
[1588150293.282][SEVERE]: Timed out receiving message from renderer: 0.100
[1588150293.387][SEVERE]: Timed out receiving message from renderer: 0.100
[1588150293.490][SEVERE]: Timed out receiving message from renderer: 0.100
[1588150293.591][SEVERE]: Timed out receiving message from renderer: 0.100
[1588150293.694][SEVERE]: Timed out receiving message from renderer: 0.100
[1588150293.802][SEVERE]: Timed out receiving message from renderer: 0.100
[1588150293.904][SEVERE]: Timed out receiving message from renderer: 0.100
[1588150294.007][SEVERE]: Timed out receiving message from renderer: 0.100
[1588150294.110][SEVERE]: Timed out receiving message from renderer: 0.100
[1588150294.225][SEVERE]: Timed out receiving message from renderer: 0.100
[1588150294.328][SEVERE]: Timed out receiving message from renderer: 0.100
[1588150294.429][SEVERE]: Timed out receiving message from renderer: 0.100
[1588150294.532][SEVERE]: Timed out receiving message from renderer: 0.100
[1588150294.633][SEVERE]: Timed out receiving message from renderer: 0.100
[1588150294.737][SEVERE]: Timed out receiving message from renderer: 0.100
[1588150294.840][SEVERE]: Timed out receiving message from renderer: 0.100
[1588150294.941][SEVERE]: Timed out receiving message from renderer: 0.100
[1588150295.043][SEVERE]: Timed out receiving message from renderer: 0.100
[1588150295.145][SEVERE]: Timed out receiving message from renderer: 0.100
[1588150295.247][SEVERE]: Timed out receiving message from renderer: 0.100
[1588150295.349][SEVERE]: Timed out receiving message from renderer: 0.100
[1588150295.451][SEVERE]: Timed out receiving message from renderer: 0.100
[1588150295.554][SEVERE]: Timed out receiving message from renderer: 0.100
[1588150295.656][SEVERE]: Timed out receiving message from renderer: 0.100
[1588150295.758][SEVERE]: Timed out receiving message from renderer: 0.100
[1588150295.860][SEVERE]: Timed out receiving message from renderer: 0.100
[1588150295.963][SEVERE]: Timed out receiving message from renderer: 0.100
[1588150296.065][SEVERE]: Timed out receiving message from renderer: 0.100
[1588150296.167][SEVERE]: Timed out receiving message from renderer: 0.100
[1588150296.322][SEVERE]: Timed out receiving message from renderer: 0.100
[1588150296.424][SEVERE]: Timed out receiving message from renderer: 0.100
[1588150296.527][SEVERE]: Timed out receiving message from renderer: 0.100
[1588150296.628][SEVERE]: Timed out receiving message from renderer: 0.100
[1588150296.736][SEVERE]: Timed out receiving message from renderer: 0.100
[1588150296.841][SEVERE]: Timed out receiving message from renderer: 0.100
[1588150296.944][SEVERE]: Timed out receiving message from renderer: 0.100
[1588150297.047][SEVERE]: Timed out receiving message from renderer: 0.100
[1588150297.149][SEVERE]: Timed out receiving message from renderer: 0.100
[1588150297.250][SEVERE]: Timed out receiving message from renderer: 0.100
[1588150297.352][SEVERE]: Timed out receiving message from renderer: 0.100
[1588150297.453][SEVERE]: Timed out receiving message from renderer: 0.100
[1588150297.555][SEVERE]: Timed out receiving message from renderer: 0.100
[1588150297.656][SEVERE]: Timed out receiving message from renderer: 0.100
[1588150297.758][SEVERE]: Timed out receiving message from renderer: 0.100
[1588150297.859][SEVERE]: Timed out receiving message from renderer: 0.100
[1588150297.961][SEVERE]: Timed out receiving message from renderer: 0.100
[1588150298.063][SEVERE]: Timed out receiving message from renderer: 0.100
[1588150298.337][SEVERE]: Timed out receiving message from renderer: 0.100
[1588150298.440][SEVERE]: Timed out receiving message from renderer: 0.100
[1588150298.569][SEVERE]: Timed out receiving message from renderer: 0.100
[1588150298.671][SEVERE]: Timed out receiving message from renderer: 0.100
[1588150298.848][SEVERE]: Timed out receiving message from renderer: 0.100
[1588150298.950][SEVERE]: Timed out receiving message from renderer: 0.100
[1588150299.140][SEVERE]: Timed out receiving message from renderer: 0.100
[1588150299.242][SEVERE]: Timed out receiving message from renderer: 0.100
[1588150299.343][SEVERE]: Timed out receiving message from renderer: 0.100
Starting ChromeDriver 81.0.4044.69 (6813546031a4bc83f717a2ef7cd4ac6ec1199132-refs/branch-heads/4044@{#776}) on port 3543
Only local connections are allowed.
Please protect ports used by ChromeDriver and related test frameworks to prevent access by malicious code.
Apr 29, 2020 3:52:33 PM org.openqa.selenium.remote.ProtocolHandshake createSession
INFO: Detected dialect: W3C
[1588150358.152][SEVERE]: Timed out receiving message from renderer: 0.100
[1588150358.255][SEVERE]: Timed out receiving message from renderer: 0.100
[1588150358.359][SEVERE]: Timed out receiving message from renderer: 0.100
[1588150358.463][SEVERE]: Timed out receiving message from renderer: 0.100
[1588150358.564][SEVERE]: Timed out receiving message from renderer: 0.100
[1588150358.666][SEVERE]: Timed out receiving message from renderer: 0.100
[1588150358.769][SEVERE]: Timed out receiving message from renderer: 0.100
[1588150358.872][SEVERE]: Timed out receiving message from renderer: 0.100
[1588150358.974][SEVERE]: Timed out receiving message from renderer: 0.100
[1588150359.075][SEVERE]: Timed out receiving message from renderer: 0.100
[1588150359.178][SEVERE]: Timed out receiving message from renderer: 0.100
[1588150359.280][SEVERE]: Timed out receiving message from renderer: 0.100
[1588150359.383][SEVERE]: Timed out receiving message from renderer: 0.100
[1588150359.539][SEVERE]: Timed out receiving message from renderer: 0.100
[1588150359.641][SEVERE]: Timed out receiving message from renderer: 0.100
[1588150359.744][SEVERE]: Timed out receiving message from renderer: 0.100
[1588150359.846][SEVERE]: Timed out receiving message from renderer: 0.100
[1588150360.009][SEVERE]: Timed out receiving message from renderer: 0.100
[1588150360.110][SEVERE]: Timed out receiving message from renderer: 0.100
[1588150360.213][SEVERE]: Timed out receiving message from renderer: 0.100
[1588150360.402][SEVERE]: Timed out receiving message from renderer: 0.100
[1588150360.538][SEVERE]: Timed out receiving message from renderer: 0.100
[1588150360.662][SEVERE]: Timed out receiving message from renderer: 0.100
[1588150360.904][SEVERE]: Timed out receiving message from renderer: 0.100
[1588150361.008][SEVERE]: Timed out receiving message from renderer: 0.100
</pre>
</span>
</div>
</div>
<div id="footer">
<p>
<div>
<label class="hidden" id="label-for-line-wrapping-toggle" for="line-wrapping-toggle">Wrap lines
<input id="line-wrapping-toggle" type="checkbox" autocomplete="off"/>
</label>
</div>Generated by 
<a href="http://www.gradle.org">Gradle 5.2.1</a> at Apr 29, 2020 3:53:18 PM</p>
</div>
</div>
</body>
</html>
